<?xml version="1.0" encoding="UTF-8"?>
<!-- Generated by org.testng.reporters.JUnitReportReporter -->
<testsuite hostname="MSI" failures="0" tests="1" name="tests.ElPaisTest" time="102.869" errors="0" timestamp="2025-08-07T21:03:08 IST" skipped="0">
  <testcase classname="tests.ElPaisTest" name="testScrapeTranslateAnalyze" time="102.869"/>
</testsuite> <!-- tests.ElPaisTest -->
